# JRE version: OpenJDK Runtime Environment (17.0.6) (build 17.0.6+0-b2043.56-9586694)
# Java VM: OpenJDK 64-Bit Server VM (17.0.6+0-b2043.56-9586694, mixed mode, tiered, compressed oops, compressed class ptrs, g1 gc, windows-amd64)
GC Precious Log:
 CPUs: 12 total, 12 available
 Memory: 16303M
 Large Page Support: Disabled
 NUMA Support: Disabled
 Compressed Oops: Enabled (32-bit)
 Heap Region Size: 1M
 Heap Min Capacity: 8M
 Heap Initial Capacity: 256M
 Heap Max Capacity: 2G
 Pre-touch: Disabled
 Parallel Workers: 10
 Concurrent Workers: 3
 Concurrent Refinement Workers: 10
 Periodic GC: Disabled
Heap:
 garbage-first heap   total 294912K, used 160133K [0x0000000080000000, 0x0000000100000000)
  region size 1024K, 35 young (35840K), 8 survivors (8192K)
 Metaspace       used 105414K, committed 106240K, reserved 1146880K
  class space    used 14398K, committed 14784K, reserved 1048576K
GC Heap History (20 events):
Event: 8.632 GC heap before
{Heap before GC invocations=27 (full 0):
 garbage-first heap   total 147456K, used 115630K [0x0000000080000000, 0x0000000100000000)
  region size 1024K, 41 young (41984K), 3 survivors (3072K)
 Metaspace       used 83854K, committed 84480K, reserved 1122304K
  class space    used 11322K, committed 11584K, reserved 1048576K
}
Event: 8.636 GC heap after
{Heap after GC invocations=28 (full 0):
 garbage-first heap   total 147456K, used 78837K [0x0000000080000000, 0x0000000100000000)
  region size 1024K, 5 young (5120K), 5 survivors (5120K)
 Metaspace       used 83854K, committed 84480K, reserved 1122304K
  class space    used 11322K, committed 11584K, reserved 1048576K
}
Event: 8.651 GC heap before
{Heap before GC invocations=28 (full 0):
 garbage-first heap   total 147456K, used 80885K [0x0000000080000000, 0x0000000100000000)
  region size 1024K, 7 young (7168K), 5 survivors (5120K)
 Metaspace       used 83913K, committed 84480K, reserved 1122304K
  class space    used 11333K, committed 11584K, reserved 1048576K
}
Event: 8.656 GC heap after
{Heap after GC invocations=29 (full 0):
 garbage-first heap   total 147456K, used 78845K [0x0000000080000000, 0x0000000100000000)
  region size 1024K, 1 young (1024K), 1 survivors (1024K)
 Metaspace       used 83913K, committed 84480K, reserved 1122304K
  class space    used 11333K, committed 11584K, reserved 1048576K
}
Event: 8.871 GC heap before
{Heap before GC invocations=29 (full 0):
 garbage-first heap   total 147456K, used 117757K [0x0000000080000000, 0x0000000100000000)
  region size 1024K, 39 young (39936K), 1 survivors (1024K)
 Metaspace       used 84837K, committed 85440K, reserved 1130496K
  class space    used 11486K, committed 11776K, reserved 1048576K
}
Event: 8.876 GC heap after
{Heap after GC invocations=30 (full 0):
 garbage-first heap   total 294912K, used 81559K [0x0000000080000000, 0x0000000100000000)
  region size 1024K, 4 young (4096K), 4 survivors (4096K)
 Metaspace       used 84837K, committed 85440K, reserved 1130496K
  class space    used 11486K, committed 11776K, reserved 1048576K
}
Event: 10.300 GC heap before
{Heap before GC invocations=31 (full 0):
 garbage-first heap   total 294912K, used 212631K [0x0000000080000000, 0x0000000100000000)
  region size 1024K, 132 young (135168K), 4 survivors (4096K)
 Metaspace       used 93605K, committed 94272K, reserved 1130496K
  class space    used 12759K, committed 13056K, reserved 1048576K
}
Event: 10.309 GC heap after
{Heap after GC invocations=32 (full 0):
 garbage-first heap   total 294912K, used 94235K [0x0000000080000000, 0x0000000100000000)
  region size 1024K, 16 young (16384K), 16 survivors (16384K)
 Metaspace       used 93605K, committed 94272K, reserved 1130496K
  class space    used 12759K, committed 13056K, reserved 1048576K
}
Event: 10.315 GC heap before
{Heap before GC invocations=32 (full 0):
 garbage-first heap   total 294912K, used 95259K [0x0000000080000000, 0x0000000100000000)
  region size 1024K, 17 young (17408K), 16 survivors (16384K)
 Metaspace       used 93612K, committed 94272K, reserved 1130496K
  class space    used 12761K, committed 13056K, reserved 1048576K
}
Event: 10.323 GC heap after
{Heap after GC invocations=33 (full 0):
 garbage-first heap   total 294912K, used 95696K [0x0000000080000000, 0x0000000100000000)
  region size 1024K, 2 young (2048K), 2 survivors (2048K)
 Metaspace       used 93612K, committed 94272K, reserved 1130496K
  class space    used 12761K, committed 13056K, reserved 1048576K
}
Event: 11.191 GC heap before
{Heap before GC invocations=33 (full 0):
 garbage-first heap   total 294912K, used 219600K [0x0000000080000000, 0x0000000100000000)
  region size 1024K, 124 young (126976K), 2 survivors (2048K)
 Metaspace       used 97933K, committed 98752K, reserved 1138688K
  class space    used 13413K, committed 13760K, reserved 1048576K
}
Event: 11.200 GC heap after
{Heap after GC invocations=34 (full 0):
 garbage-first heap   total 294912K, used 108179K [0x0000000080000000, 0x0000000100000000)
  region size 1024K, 15 young (15360K), 15 survivors (15360K)
 Metaspace       used 97933K, committed 98752K, reserved 1138688K
  class space    used 13413K, committed 13760K, reserved 1048576K
}
Event: 11.642 GC heap before
{Heap before GC invocations=34 (full 0):
 garbage-first heap   total 294912K, used 225939K [0x0000000080000000, 0x0000000100000000)
  region size 1024K, 128 young (131072K), 15 survivors (15360K)
 Metaspace       used 99138K, committed 99904K, reserved 1138688K
  class space    used 13533K, committed 13888K, reserved 1048576K
}
Event: 11.653 GC heap after
{Heap after GC invocations=35 (full 0):
 garbage-first heap   total 294912K, used 114983K [0x0000000080000000, 0x0000000100000000)
  region size 1024K, 10 young (10240K), 10 survivors (10240K)
 Metaspace       used 99138K, committed 99904K, reserved 1138688K
  class space    used 13533K, committed 13888K, reserved 1048576K
}
Event: 12.068 GC heap before
{Heap before GC invocations=35 (full 0):
 garbage-first heap   total 294912K, used 229671K [0x0000000080000000, 0x0000000100000000)
  region size 1024K, 123 young (125952K), 10 survivors (10240K)
 Metaspace       used 99740K, committed 100480K, reserved 1138688K
  class space    used 13577K, committed 13888K, reserved 1048576K
}
Event: 12.076 GC heap after
{Heap after GC invocations=36 (full 0):
 garbage-first heap   total 294912K, used 122035K [0x0000000080000000, 0x0000000100000000)
  region size 1024K, 10 young (10240K), 10 survivors (10240K)
 Metaspace       used 99740K, committed 100480K, reserved 1138688K
  class space    used 13577K, committed 13888K, reserved 1048576K
}
Event: 12.700 GC heap before
{Heap before GC invocations=36 (full 0):
 garbage-first heap   total 294912K, used 233651K [0x0000000080000000, 0x0000000100000000)
  region size 1024K, 120 young (122880K), 10 survivors (10240K)
 Metaspace       used 103385K, committed 104128K, reserved 1138688K
  class space    used 14060K, committed 14400K, reserved 1048576K
}
Event: 12.711 GC heap after
{Heap after GC invocations=37 (full 0):
 garbage-first heap   total 294912K, used 129130K [0x0000000080000000, 0x0000000100000000)
  region size 1024K, 10 young (10240K), 10 survivors (10240K)
 Metaspace       used 103385K, committed 104128K, reserved 1138688K
  class space    used 14060K, committed 14400K, reserved 1048576K
}
Event: 21.183 GC heap before
{Heap before GC invocations=37 (full 0):
 garbage-first heap   total 294912K, used 235626K [0x0000000080000000, 0x0000000100000000)
  region size 1024K, 115 young (117760K), 10 survivors (10240K)
 Metaspace       used 104699K, committed 105536K, reserved 1146880K
  class space    used 14290K, committed 14656K, reserved 1048576K
}
Event: 21.192 GC heap after
{Heap after GC invocations=38 (full 0):
 garbage-first heap   total 294912K, used 134533K [0x0000000080000000, 0x0000000100000000)
  region size 1024K, 8 young (8192K), 8 survivors (8192K)
 Metaspace       used 104699K, committed 105536K, reserved 1146880K
  class space    used 14290K, committed 14656K, reserved 1048576K
}

